<?xml version="1.0" encoding="UTF-8"?>
<testng-results skipped="0" failed="0" ignored="0" total="1" passed="1">
  <reporter-output>
  </reporter-output>
  <suite name="Default suite" duration-ms="8194" started-at="2020-09-11T15:58:27 CST" finished-at="2020-09-11T15:58:35 CST">
    <groups>
    </groups>
    <test name="Default test" duration-ms="8194" started-at="2020-09-11T15:58:27 CST" finished-at="2020-09-11T15:58:35 CST">
      <class name="Use_cases.Regional_management">
        <test-method status="PASS" signature="beforeTest()[pri:0, instance:Use_cases.Regional_management@67205a84]" name="beforeTest" is-config="true" duration-ms="5596" started-at="2020-09-11T15:58:27 CST" finished-at="2020-09-11T15:58:33 CST">
          <reporter-output>
          </reporter-output>
        </test-method> <!-- beforeTest -->
        <test-method status="PASS" signature="Test3()[pri:3, instance:Use_cases.Regional_management@67205a84]" name="Test3" duration-ms="2570" started-at="2020-09-11T15:58:33 CST" finished-at="2020-09-11T15:58:35 CST">
          <reporter-output>
          </reporter-output>
        </test-method> <!-- Test3 -->
      </class> <!-- Use_cases.Regional_management -->
    </test> <!-- Default test -->
  </suite> <!-- Default suite -->
</testng-results>
